c:\users\elzo\documents\visual studio 2013\projects\slowmocreator\slowmocreator\debug\vc120.pdb
c:\users\elzo\documents\visual studio 2013\projects\slowmocreator\slowmocreator\debug\variables.obj
c:\users\elzo\documents\visual studio 2013\projects\slowmocreator\slowmocreator\debug\stdafx.obj
c:\users\elzo\documents\visual studio 2013\projects\slowmocreator\slowmocreator\debug\myform.obj
c:\users\elzo\documents\visual studio 2013\projects\slowmocreator\slowmocreator\debug\aboutform.obj
c:\users\elzo\documents\visual studio 2013\projects\slowmocreator\slowmocreator\debug\.netframework,version=v4.5.assemblyattributes.obj
c:\users\elzo\documents\visual studio 2013\projects\slowmocreator\debug\slowmocreator.exe
c:\users\elzo\documents\visual studio 2013\projects\slowmocreator\debug\slowmocreator.pdb
c:\users\elzo\documents\visual studio 2013\projects\slowmocreator\slowmocreator\debug\slowmocreator.aboutform.resources
c:\users\elzo\documents\visual studio 2013\projects\slowmocreator\slowmocreator\debug\slowmocreator.myform.resources
c:\users\elzo\documents\visual studio 2013\projects\slowmocreator\slowmocreator\debug\slowmocreator.vcxproj.generateresource.cache
c:\users\elzo\documents\visual studio 2013\projects\slowmocreator\slowmocreator\debug\slowmocreator.tlog\cl.command.1.tlog
c:\users\elzo\documents\visual studio 2013\projects\slowmocreator\slowmocreator\debug\slowmocreator.tlog\cl.read.1.tlog
c:\users\elzo\documents\visual studio 2013\projects\slowmocreator\slowmocreator\debug\slowmocreator.tlog\cl.write.1.tlog
c:\users\elzo\documents\visual studio 2013\projects\slowmocreator\slowmocreator\debug\slowmocreator.tlog\link.command.1.tlog
c:\users\elzo\documents\visual studio 2013\projects\slowmocreator\slowmocreator\debug\slowmocreator.tlog\link.read.1.tlog
c:\users\elzo\documents\visual studio 2013\projects\slowmocreator\slowmocreator\debug\slowmocreator.tlog\link.write.1.tlog
c:\users\elzo\documents\visual studio 2013\projects\slowmocreator\slowmocreator\debug\slowmocreator.tlog\metagen.read.1.tlog
c:\users\elzo\documents\visual studio 2013\projects\slowmocreator\slowmocreator\debug\slowmocreator.tlog\metagen.write.1.tlog
c:\users\elzo\documents\visual studio 2013\projects\slowmocreator\slowmocreator\debug\slowmocreator.tlog\slowmocreator.write.1u.tlog
c:\users\elzo\documents\visual studio 2013\projects\slowmocreator\slowmocreator\debug\slowmocreator.tlog\tzres.dll.bi
