Build started 6/23/2015 3:53:03 PM.
     1>Project "C:\Users\ElZo\documents\visual studio 2013\Projects\SlowMoCreator\SlowMoCreator\SlowMoCreator.vcxproj" on node 2 (Build target(s)).
     1>ClCompile:
         C:\Program Files (x86)\Microsoft Visual Studio 12.0\VC\bin\CL.exe /c /I"C:\Users\ElZo\Documents\Visual Studio 2013\Projects\SlowMoCreator\SlowMoCreator" /IC:\opencv\build\x86\vc12\..\..\include /AI"C:\Program Files (x86)\Reference Assemblies\Microsoft\Framework\.NETFramework\v4.5\\" /AI"C:\Program Files (x86)\Windows Kits\8.1\References\CommonConfiguration\Neutral" /AI"C:\Program Files (x86)\Reference Assemblies\Microsoft\Framework\.NETFramework\v4.5\Facades\\" /Zi /clr /nologo /W3 /WX- /Od /Oy- /D WIN32 /D _DEBUG /D _UNICODE /D UNICODE /EHa /MDd /GS /fp:precise /Zc:wchar_t /Zc:forScope /Fo"Debug\\" /Fd"Debug\vc120.pdb" /TP /FU"C:\Program Files (x86)\Reference Assemblies\Microsoft\Framework\.NETFramework\v4.5\mscorlib.dll" /FU"C:\Program Files (x86)\Reference Assemblies\Microsoft\Framework\.NETFramework\v4.5\System.Data.dll" /FU"C:\Program Files (x86)\Reference Assemblies\Microsoft\Framework\.NETFramework\v4.5\System.dll" /FU"C:\Program Files (x86)\Reference Assemblies\Microsoft\Framework\.NETFramework\v4.5\System.Drawing.dll" /FU"C:\Program Files (x86)\Reference Assemblies\Microsoft\Framework\.NETFramework\v4.5\System.Windows.Forms.dll" /FU"C:\Program Files (x86)\Reference Assemblies\Microsoft\Framework\.NETFramework\v4.5\System.Xml.dll" /analyze- /errorReport:prompt /clr:nostdlib AboutForm.cpp MyForm.cpp stdafx.cpp variables.cpp
         AboutForm.cpp
         MyForm.cpp
         stdafx.cpp
         variables.cpp
         Generating Code...
     1>c:\opencv\build\include\opencv2\core\cvstd.hpp(592): warning C4793: 'cv::String::String' : function compiled as native :
         	Found an intrinsic not supported in managed code
     1>c:\opencv\build\include\opencv2\core\mat.inl.hpp(381): warning C4793: 'cv::Mat::Mat' : function compiled as native :
         	Found an intrinsic not supported in managed code
     1>c:\opencv\build\include\opencv2\core\mat.inl.hpp(666): warning C4793: 'cv::Mat::release' : function compiled as native :
         	Found an intrinsic not supported in managed code
     1>c:\opencv\build\include\opencv2\core\mat.inl.hpp(1703): warning C4793: 'cv::SparseMat::addref' : function compiled as native :
         	Found an intrinsic not supported in managed code
     1>c:\opencv\build\include\opencv2\core\mat.inl.hpp(3304): warning C4793: 'cv::UMat::addref' : function compiled as native :
         	Found an intrinsic not supported in managed code
     1>c:\opencv\build\include\opencv2\core\ptr.inl.hpp(67): warning C4793: 'cv::detail::PtrOwner::incRef' : function compiled as native :
         	Found an intrinsic not supported in managed code
     1>c:\opencv\build\include\opencv2\core\ptr.inl.hpp(72): warning C4793: 'cv::detail::PtrOwner::decRef' : function compiled as native :
         	Found an intrinsic not supported in managed code
     1>c:\opencv\build\include\opencv2\core\cvstd.hpp(592): warning C4793: 'cv::String::String' : function compiled as native :
         	Found an intrinsic not supported in managed code
     1>c:\opencv\build\include\opencv2\core\mat.inl.hpp(381): warning C4793: 'cv::Mat::Mat' : function compiled as native :
         	Found an intrinsic not supported in managed code
     1>c:\opencv\build\include\opencv2\core\mat.inl.hpp(1703): warning C4793: 'cv::SparseMat::addref' : function compiled as native :
         	Found an intrinsic not supported in managed code
     1>c:\opencv\build\include\opencv2\core\mat.inl.hpp(3304): warning C4793: 'cv::UMat::addref' : function compiled as native :
         	Found an intrinsic not supported in managed code
     1>c:\opencv\build\include\opencv2\core\ptr.inl.hpp(67): warning C4793: 'cv::detail::PtrOwner::incRef' : function compiled as native :
         	Found an intrinsic not supported in managed code
     1>c:\opencv\build\include\opencv2\core\ptr.inl.hpp(72): warning C4793: 'cv::detail::PtrOwner::decRef' : function compiled as native :
         	Found an intrinsic not supported in managed code
         C:\Program Files (x86)\Microsoft Visual Studio 12.0\VC\bin\CL.exe /c /I"C:\Users\ElZo\Documents\Visual Studio 2013\Projects\SlowMoCreator\SlowMoCreator" /IC:\opencv\build\x86\vc12\..\..\include /Zi /clr /nologo /W3 /WX- /Od /Oy- /D WIN32 /D _DEBUG /D _UNICODE /D UNICODE /EHa /MDd /GS /fp:precise /Zc:wchar_t /Zc:forScope /Fo"Debug\\" /Fd"Debug\vc120.pdb" /TP /analyze- /errorReport:prompt "C:\Users\ElZo\AppData\Local\Temp\.NETFramework,Version=v4.5.AssemblyAttributes.cpp"
         .NETFramework,Version=v4.5.AssemblyAttributes.cpp
       Link:
         C:\Program Files (x86)\Microsoft Visual Studio 12.0\VC\bin\link.exe /ERRORREPORT:PROMPT /OUT:"C:\Users\ElZo\documents\visual studio 2013\Projects\SlowMoCreator\Debug\SlowMoCreator.exe" /INCREMENTAL /NOLOGO /LIBPATH:C:\opencv\build\x86\vc12\lib opencv_ts300d.lib opencv_world300d.lib kernel32.lib user32.lib gdi32.lib winspool.lib comdlg32.lib advapi32.lib shell32.lib ole32.lib oleaut32.lib uuid.lib odbc32.lib odbccp32.lib /ASSEMBLYRESOURCE:Debug\SlowMoCreator.AboutForm.resources /ASSEMBLYRESOURCE:Debug\SlowMoCreator.MyForm.resources /MANIFEST /MANIFESTUAC:"level='asInvoker' uiAccess='false'" /manifest:embed /DEBUG /PDB:"C:\Users\ElZo\documents\visual studio 2013\Projects\SlowMoCreator\Debug\SlowMoCreator.pdb" /ASSEMBLYDEBUG /SUBSYSTEM:WINDOWS /TLBID:1 /ENTRY:"main" /DYNAMICBASE /FIXED:NO /NXCOMPAT /MACHINE:X86 Debug\AboutForm.obj
         Debug\MyForm.obj
         Debug\stdafx.obj
         Debug\variables.obj
         "Debug\.NETFramework,Version=v4.5.AssemblyAttributes.obj"
     1>opencv_ts300d.lib(ts.obj) : warning LNK4099: PDB 'opencv_ts300d.pdb' was not found with 'opencv_ts300d.lib(ts.obj)' or at 'C:\Users\ElZo\documents\visual studio 2013\Projects\SlowMoCreator\Debug\opencv_ts300d.pdb'; linking object as if no debug info
     1>opencv_ts300d.lib(ts_gtest.obj) : warning LNK4099: PDB 'opencv_ts300d.pdb' was not found with 'opencv_ts300d.lib(ts_gtest.obj)' or at 'C:\Users\ElZo\documents\visual studio 2013\Projects\SlowMoCreator\Debug\opencv_ts300d.pdb'; linking object as if no debug info
     1>opencv_ts300d.lib(ts_perf.obj) : warning LNK4099: PDB 'opencv_ts300d.pdb' was not found with 'opencv_ts300d.lib(ts_perf.obj)' or at 'C:\Users\ElZo\documents\visual studio 2013\Projects\SlowMoCreator\Debug\opencv_ts300d.pdb'; linking object as if no debug info
     1>opencv_ts300d.lib(opencv_ts_pch.obj) : warning LNK4099: PDB 'opencv_ts300d.pdb' was not found with 'opencv_ts300d.lib(opencv_ts_pch.obj)' or at 'C:\Users\ElZo\documents\visual studio 2013\Projects\SlowMoCreator\Debug\opencv_ts300d.pdb'; linking object as if no debug info
         SlowMoCreator.vcxproj -> C:\Users\ElZo\documents\visual studio 2013\Projects\SlowMoCreator\Debug\SlowMoCreator.exe
     1>Done Building Project "C:\Users\ElZo\documents\visual studio 2013\Projects\SlowMoCreator\SlowMoCreator\SlowMoCreator.vcxproj" (Build target(s)).

Build succeeded.

Time Elapsed 00:00:14.20
